<?xml version="1.0" encoding="UTF-8"?>
<!-- Generated by org.testng.reporters.JUnitReportReporter -->
<testsuite skipped="0" hostname="DESKTOP-19NCAKV" name="Cucumber.Cucumber.AppTest" tests="1" failures="0" timestamp="2022-03-30T23:51:27 IST" time="0.030" errors="0">
  <testcase name="shouldAnswerWithTrue" time="0.030" classname="Cucumber.Cucumber.AppTest"/>
  <system-out/>
</testsuite> <!-- Cucumber.Cucumber.AppTest -->
