<?xml version="1.0" encoding="UTF-8"?>
<!-- Generated by org.testng.reporters.JUnitReportReporter -->
<testsuite skipped="0" hostname="DESKTOP-19NCAKV" name="testRunners.TestRunner" tests="4" failures="0" timestamp="2022-05-02T21:38:15 IST" time="62.085" errors="0">
  <testcase name="runScenario" time="13.019" classname="testRunners.TestRunner"/>
  <system-out/>
  <testcase name="runScenario" time="13.951" classname="testRunners.TestRunner"/>
  <system-out/>
  <testcase name="runScenario" time="13.567" classname="testRunners.TestRunner"/>
  <system-out/>
  <testcase name="runScenario" time="21.548" classname="testRunners.TestRunner"/>
  <system-out/>
</testsuite> <!-- testRunners.TestRunner -->
