<?xml version="1.0" encoding="UTF-8"?>
<!-- Generated by org.testng.reporters.JUnitReportReporter -->
<testsuite skipped="0" hostname="DESKTOP-19NCAKV" name="testRunners.TestRunner" tests="3" failures="0" timestamp="2022-03-31T19:46:28 IST" time="162.700" errors="0">
  <testcase name="runScenario" time="57.859" classname="testRunners.TestRunner"/>
  <system-out/>
  <testcase name="runScenario" time="53.352" classname="testRunners.TestRunner"/>
  <system-out/>
  <testcase name="runScenario" time="51.489" classname="testRunners.TestRunner"/>
  <system-out/>
</testsuite> <!-- testRunners.TestRunner -->
